
WEC-Sim Input From Standard wecSimInputFile.m Of Case Directory... 
WEC-Sim: An open-source code for simulating wave energy converters
Version: 5.0.1

Initializing the Simulation Class...
	Case Dir: /Users/jwills/Documents/HAWSEC_PTO/OSWEC_Hydraulic_PTO 
Elapsed time is 0.877058 seconds.

WEC-Sim Pre-processing ...   
Elapsed time is 0.895952 seconds.

WEC-Sim Simulation Settings:
	Start Time                     (sec) = 0
	End Time                       (sec) = 400
	Time Step Size                 (sec) = 0.01
	Ramp Function Time             (sec) = 100
	Convolution Integral Interval  (sec) = 30
	 Number of Time Steps     = 40000 

Wave Environment: 
	Wave Type                            = Irregular Waves (Predefined Random Phase)
	Spectrum Type                        = Pierson-Moskowitz  
	Significant Wave Height, Hs      (m) = 2.5
	Peak Wave Period, Tp           (sec) = 8

List of Body: Number of Bodies = 2 

	***** Body Number 1, Name: flap *****
	Body CG                          (m) = [0,0,-3.9]
	Body Mass                       (kg) = 127000 
	Body Diagonal MOI              (kgm2)= [1.85E+06,1.85E+06,1.85E+06]

	***** Body Number 2, Name: base *****
	Body CG                          (m) = [0,0,-10.9]
	Body Mass                       (kg) = 999 
	Body Diagonal MOI              (kgm2)= [999,999,999]

List of PTO(s): Number of PTOs = 1 

	***** PTO Name: PTO1 *****
	PTO Stiffness           (N/m;Nm/rad) = 0
	PTO Damping           (Ns/m;Nsm/rad) = 0

List of Constraint(s): Number of Constraints = 1 

	***** Constraint Name: Constraint1 *****


Simulating the WEC device defined in the SimMechanics model /Users/jwills/Documents/HAWSEC_PTO/OSWEC_Hydraulic_PTO/OSWEC_Hydraulic_PTO.slx...   
Elapsed time is 0.168671 seconds.
Elapsed time is 42.258789 seconds.

Post-processing and saving...   
Elapsed time is 0.055486 seconds.
